TN:
SF:src\services\filterFieldService.js
FN:9,filterExpecificField
FNF:1
FNH:1
FNDA:7,filterExpecificField
DA:1,1
DA:2,1
DA:3,1
DA:4,1
DA:5,1
DA:6,1
DA:7,1
DA:8,1
DA:9,1
DA:10,7
DA:11,7
DA:12,7
DA:13,6
DA:14,3474
DA:15,3474
DA:16,3474
DA:17,6
DA:18,6
DA:19,6
DA:20,1
DA:21,1
DA:22,1
DA:23,1
DA:24,1
DA:25,1
DA:26,1
DA:27,1
DA:28,1
LF:28
LH:28
BRDA:9,0,0,7
BRDA:12,1,0,1
BRDA:12,2,0,6
BRDA:20,3,0,1
BRDA:13,4,0,3474
BRF:5
BRH:5
end_of_record
TN:
SF:src\services\searchMovies.js
FN:12,searchMoviesForfield
FNF:1
FNH:1
FNDA:1,searchMoviesForfield
DA:1,1
DA:2,1
DA:3,1
DA:4,1
DA:5,1
DA:6,1
DA:7,1
DA:8,1
DA:9,1
DA:10,1
DA:11,1
DA:12,1
DA:13,1
DA:14,0
DA:15,0
DA:16,1
DA:17,1
DA:18,1
DA:19,0
DA:20,0
DA:21,0
DA:22,0
DA:23,0
DA:24,0
DA:25,0
DA:26,0
DA:27,0
DA:28,0
DA:29,1
DA:30,1
DA:31,1
DA:32,579
DA:33,579
DA:34,1
DA:35,1
DA:36,1
DA:37,1
LF:37
LH:25
BRDA:12,0,0,1
BRDA:13,1,0,0
BRDA:18,2,0,0
BRDA:31,3,0,579
BRDA:32,4,0,579
BRF:5
BRH:3
end_of_record
