TN:
SF:src\services\checkJsonField.js
FN:10,checkJsonField
FNF:1
FNH:1
FNDA:1,checkJsonField
DA:1,1
DA:2,1
DA:3,1
DA:4,1
DA:5,1
DA:6,1
DA:7,1
DA:8,1
DA:9,1
DA:10,1
DA:11,1
DA:12,1
DA:13,1
DA:14,1
DA:15,5
DA:16,5
DA:17,1
DA:18,1
DA:19,1
DA:20,1
LF:20
LH:20
BRDA:10,0,0,1
BRDA:18,1,0,0
BRDA:14,2,0,5
BRF:3
BRH:2
end_of_record
TN:
SF:src\services\filterFieldService.js
FN:9,filterDataForField
FNF:1
FNH:1
FNDA:7,filterDataForField
DA:1,1
DA:2,1
DA:3,1
DA:4,1
DA:5,1
DA:6,1
DA:7,1
DA:8,1
DA:9,1
DA:10,7
DA:11,7
DA:12,7
DA:13,6
DA:14,3474
DA:15,3474
DA:16,3474
DA:17,6
DA:18,6
DA:19,6
DA:20,1
DA:21,1
DA:22,1
DA:23,1
DA:24,1
DA:25,1
DA:26,1
DA:27,1
DA:28,1
LF:28
LH:28
BRDA:9,0,0,7
BRDA:12,1,0,1
BRDA:12,2,0,6
BRDA:20,3,0,1
BRDA:13,4,0,3474
BRF:5
BRH:5
end_of_record
TN:
SF:src\services\searchMovies.js
FN:12,searchMovies
FNF:1
FNH:1
FNDA:1,searchMovies
DA:1,1
DA:2,1
DA:3,1
DA:4,1
DA:5,1
DA:6,1
DA:7,1
DA:8,1
DA:9,1
DA:10,1
DA:11,1
DA:12,1
DA:13,1
DA:14,1
DA:15,1
DA:16,1
DA:17,1
DA:18,1
DA:19,0
DA:20,0
DA:21,1
DA:22,1
DA:23,1
DA:24,579
DA:25,579
DA:26,579
DA:27,1
DA:28,1
DA:29,1
DA:30,1
DA:31,1
DA:32,1
LF:32
LH:30
BRDA:12,0,0,1
BRDA:18,1,0,0
BRDA:23,2,0,579
BRF:3
BRH:2
end_of_record
